2023-05-16T07:55:18+00:00 CRITICAL Uncaught ArgumentCountError: Too few arguments to function get_field(), 0 passed in /home2/myevesf4/public_html/21-day-challenge/wp-content/themes/rehub-theme/sponsership-page-template.php on line 8 and at least 1 expected in /home2/myevesf4/public_html/21-day-challenge/wp-content/plugins/advanced-custom-fields/includes/api/api-template.php:20
Stack trace:
#0 /home2/myevesf4/public_html/21-day-challenge/wp-content/themes/rehub-theme/sponsership-page-template.php(8): get_field()
#1 /home2/myevesf4/public_html/21-day-challenge/wp-includes/template-loader.php(106): include('/home2/myevesf4...')
#2 /home2/myevesf4/public_html/21-day-challenge/wp-blog-header.php(19): require_once('/home2/myevesf4...')
#3 /home2/myevesf4/public_html/21-day-challenge/index.php(17): require('/home2/myevesf4...')
#4 {main}
  thrown in /home2/myevesf4/public_html/21-day-challenge/wp-content/plugins/advanced-custom-fields/includes/api/api-template.php on line 20

2023-05-16T07:55:22+00:00 CRITICAL Uncaught ArgumentCountError: Too few arguments to function get_field(), 0 passed in /home2/myevesf4/public_html/21-day-challenge/wp-content/themes/rehub-theme/sponsership-page-template.php on line 8 and at least 1 expected in /home2/myevesf4/public_html/21-day-challenge/wp-content/plugins/advanced-custom-fields/includes/api/api-template.php:20
Stack trace:
#0 /home2/myevesf4/public_html/21-day-challenge/wp-content/themes/rehub-theme/sponsership-page-template.php(8): get_field()
#1 /home2/myevesf4/public_html/21-day-challenge/wp-includes/template-loader.php(106): include('/home2/myevesf4...')
#2 /home2/myevesf4/public_html/21-day-challenge/wp-blog-header.php(19): require_once('/home2/myevesf4...')
#3 /home2/myevesf4/public_html/21-day-challenge/index.php(17): require('/home2/myevesf4...')
#4 {main}
  thrown in /home2/myevesf4/public_html/21-day-challenge/wp-content/plugins/advanced-custom-fields/includes/api/api-template.php on line 20

2023-05-16T07:56:06+00:00 CRITICAL Uncaught ArgumentCountError: Too few arguments to function get_field(), 0 passed in /home2/myevesf4/public_html/21-day-challenge/wp-content/themes/rehub-theme/sponsership-page-template.php on line 8 and at least 1 expected in /home2/myevesf4/public_html/21-day-challenge/wp-content/plugins/advanced-custom-fields/includes/api/api-template.php:20
Stack trace:
#0 /home2/myevesf4/public_html/21-day-challenge/wp-content/themes/rehub-theme/sponsership-page-template.php(8): get_field()
#1 /home2/myevesf4/public_html/21-day-challenge/wp-includes/template-loader.php(106): include('/home2/myevesf4...')
#2 /home2/myevesf4/public_html/21-day-challenge/wp-blog-header.php(19): require_once('/home2/myevesf4...')
#3 /home2/myevesf4/public_html/21-day-challenge/index.php(17): require('/home2/myevesf4...')
#4 {main}
  thrown in /home2/myevesf4/public_html/21-day-challenge/wp-content/plugins/advanced-custom-fields/includes/api/api-template.php on line 20

2023-05-16T07:56:12+00:00 CRITICAL Uncaught ArgumentCountError: Too few arguments to function get_field(), 0 passed in /home2/myevesf4/public_html/21-day-challenge/wp-content/themes/rehub-theme/sponsership-page-template.php on line 8 and at least 1 expected in /home2/myevesf4/public_html/21-day-challenge/wp-content/plugins/advanced-custom-fields/includes/api/api-template.php:20
Stack trace:
#0 /home2/myevesf4/public_html/21-day-challenge/wp-content/themes/rehub-theme/sponsership-page-template.php(8): get_field()
#1 /home2/myevesf4/public_html/21-day-challenge/wp-includes/template-loader.php(106): include('/home2/myevesf4...')
#2 /home2/myevesf4/public_html/21-day-challenge/wp-blog-header.php(19): require_once('/home2/myevesf4...')
#3 /home2/myevesf4/public_html/21-day-challenge/index.php(17): require('/home2/myevesf4...')
#4 {main}
  thrown in /home2/myevesf4/public_html/21-day-challenge/wp-content/plugins/advanced-custom-fields/includes/api/api-template.php on line 20

2023-05-16T07:56:23+00:00 CRITICAL Uncaught ArgumentCountError: Too few arguments to function get_field(), 0 passed in /home2/myevesf4/public_html/21-day-challenge/wp-content/themes/rehub-theme/sponsership-page-template.php on line 8 and at least 1 expected in /home2/myevesf4/public_html/21-day-challenge/wp-content/plugins/advanced-custom-fields/includes/api/api-template.php:20
Stack trace:
#0 /home2/myevesf4/public_html/21-day-challenge/wp-content/themes/rehub-theme/sponsership-page-template.php(8): get_field()
#1 /home2/myevesf4/public_html/21-day-challenge/wp-includes/template-loader.php(106): include('/home2/myevesf4...')
#2 /home2/myevesf4/public_html/21-day-challenge/wp-blog-header.php(19): require_once('/home2/myevesf4...')
#3 /home2/myevesf4/public_html/21-day-challenge/index.php(17): require('/home2/myevesf4...')
#4 {main}
  thrown in /home2/myevesf4/public_html/21-day-challenge/wp-content/plugins/advanced-custom-fields/includes/api/api-template.php on line 20

